This file contains any messages produced by compilers while
running configure, to aid debugging if configure makes a mistake.

It was created by gc configure 8.3.0, which was
generated by GNU Autoconf 2.69.  Invocation command line was

  $ ./configure --disable-threads --prefix=/home/stella/boehm/Use_Case_Apps/phoenix-2.0 --enable-static --enable-checksums --enable-mmap --disable-munmap --disable-shared

## --------- ##
## Platform. ##
## --------- ##

hostname = bochs
uname -m = x86_64
uname -r = 4.15.0-rc7+
uname -s = Linux
uname -v = #98 SMP Thu May 6 12:24:35 UTC 2021

/usr/bin/uname -p = unknown
/bin/uname -X     = unknown

/bin/arch              = unknown
/usr/bin/arch -k       = unknown
/usr/convex/getsysinfo = unknown
/usr/bin/hostinfo      = unknown
/bin/machine           = unknown
/usr/bin/oslevel       = unknown
/bin/universe          = unknown

PATH: /usr/local/sbin
PATH: /usr/local/bin
PATH: /usr/sbin
PATH: /usr/bin
PATH: /sbin
PATH: /bin
PATH: /snap/bin


## ----------- ##
## Core tests. ##
## ----------- ##

configure:2561: checking build system type
configure:2575: result: x86_64-pc-linux-gnu
configure:2595: checking host system type
configure:2608: result: x86_64-pc-linux-gnu
configure:2628: checking target system type
configure:2641: result: x86_64-pc-linux-gnu
configure:2669: checking GC version numbers
configure:2700: result: major=8 minor=3                 micro=0
configure:2720: checking for a BSD-compatible install
configure:2788: result: /usr/bin/install -c
configure:2799: checking whether build environment is sane
configure:2854: result: yes
configure:3005: checking for a thread-safe mkdir -p
configure:3044: result: /bin/mkdir -p
configure:3051: checking for gawk
configure:3067: found /usr/bin/gawk
configure:3078: result: gawk
configure:3089: checking whether make sets $(MAKE)
configure:3111: result: yes
configure:3140: checking whether make supports nested variables
configure:3157: result: yes
configure:3286: checking whether to enable maintainer-specific portions of Makefiles
configure:3295: result: no
configure:3324: checking for style of include used by make
configure:3352: result: GNU
configure:3423: checking for gcc
configure:3439: found /usr/bin/gcc
configure:3450: result: gcc
configure:3679: checking for C compiler version
configure:3688: gcc --version >&5
gcc (Ubuntu 7.5.0-3ubuntu1~18.04) 7.5.0
Copyright (C) 2017 Free Software Foundation, Inc.
This is free software; see the source for copying conditions.  There is NO
warranty; not even for MERCHANTABILITY or FITNESS FOR A PARTICULAR PURPOSE.

configure:3699: $? = 0
configure:3688: gcc -v >&5
Using built-in specs.
COLLECT_GCC=gcc
COLLECT_LTO_WRAPPER=/usr/lib/gcc/x86_64-linux-gnu/7/lto-wrapper
OFFLOAD_TARGET_NAMES=nvptx-none
OFFLOAD_TARGET_DEFAULT=1
Target: x86_64-linux-gnu
Configured with: ../src/configure -v --with-pkgversion='Ubuntu 7.5.0-3ubuntu1~18.04' --with-bugurl=file:///usr/share/doc/gcc-7/README.Bugs --enable-languages=c,ada,c++,go,brig,d,fortran,objc,obj-c++ --prefix=/usr --with-gcc-major-version-only --program-suffix=-7 --program-prefix=x86_64-linux-gnu- --enable-shared --enable-linker-build-id --libexecdir=/usr/lib --without-included-gettext --enable-threads=posix --libdir=/usr/lib --enable-nls --enable-bootstrap --enable-clocale=gnu --enable-libstdcxx-debug --enable-libstdcxx-time=yes --with-default-libstdcxx-abi=new --enable-gnu-unique-object --disable-vtable-verify --enable-libmpx --enable-plugin --enable-default-pie --with-system-zlib --with-target-system-zlib --enable-objc-gc=auto --enable-multiarch --disable-werror --with-arch-32=i686 --with-abi=m64 --with-multilib-list=m32,m64,mx32 --enable-multilib --with-tune=generic --enable-offload-targets=nvptx-none --without-cuda-driver --enable-checking=release --build=x86_64-linux-gnu --host=x86_64-linux-gnu --target=x86_64-linux-gnu
Thread model: posix
gcc version 7.5.0 (Ubuntu 7.5.0-3ubuntu1~18.04) 
configure:3699: $? = 0
configure:3688: gcc -V >&5
gcc: error: unrecognized command line option '-V'
gcc: fatal error: no input files
compilation terminated.
configure:3699: $? = 1
configure:3688: gcc -qversion >&5
gcc: error: unrecognized command line option '-qversion'; did you mean '--version'?
gcc: fatal error: no input files
compilation terminated.
configure:3699: $? = 1
configure:3719: checking whether the C compiler works
configure:3741: gcc    conftest.c  >&5
configure:3745: $? = 0
configure:3793: result: yes
configure:3796: checking for C compiler default output file name
configure:3798: result: a.out
configure:3804: checking for suffix of executables
configure:3811: gcc -o conftest    conftest.c  >&5
configure:3815: $? = 0
configure:3837: result: 
configure:3859: checking whether we are cross compiling
configure:3867: gcc -o conftest    conftest.c  >&5
configure:3871: $? = 0
configure:3878: ./conftest
configure:3882: $? = 0
configure:3897: result: no
configure:3902: checking for suffix of object files
configure:3924: gcc -c   conftest.c >&5
configure:3928: $? = 0
configure:3949: result: o
configure:3953: checking whether we are using the GNU C compiler
configure:3972: gcc -c   conftest.c >&5
configure:3972: $? = 0
configure:3981: result: yes
configure:3990: checking whether gcc accepts -g
configure:4010: gcc -c -g  conftest.c >&5
configure:4010: $? = 0
configure:4051: result: yes
configure:4068: checking for gcc option to accept ISO C89
configure:4131: gcc  -c -g -O2  conftest.c >&5
configure:4131: $? = 0
configure:4144: result: none needed
configure:4169: checking whether gcc understands -c and -o together
configure:4191: gcc -c conftest.c -o conftest2.o
configure:4194: $? = 0
configure:4191: gcc -c conftest.c -o conftest2.o
configure:4194: $? = 0
configure:4206: result: yes
configure:4225: checking dependency style of gcc
configure:4336: result: gcc3
configure:4410: checking for g++
configure:4426: found /usr/bin/g++
configure:4437: result: g++
configure:4464: checking for C++ compiler version
configure:4473: g++ --version >&5
g++ (Ubuntu 7.5.0-3ubuntu1~18.04) 7.5.0
Copyright (C) 2017 Free Software Foundation, Inc.
This is free software; see the source for copying conditions.  There is NO
warranty; not even for MERCHANTABILITY or FITNESS FOR A PARTICULAR PURPOSE.

configure:4484: $? = 0
configure:4473: g++ -v >&5
Using built-in specs.
COLLECT_GCC=g++
COLLECT_LTO_WRAPPER=/usr/lib/gcc/x86_64-linux-gnu/7/lto-wrapper
OFFLOAD_TARGET_NAMES=nvptx-none
OFFLOAD_TARGET_DEFAULT=1
Target: x86_64-linux-gnu
Configured with: ../src/configure -v --with-pkgversion='Ubuntu 7.5.0-3ubuntu1~18.04' --with-bugurl=file:///usr/share/doc/gcc-7/README.Bugs --enable-languages=c,ada,c++,go,brig,d,fortran,objc,obj-c++ --prefix=/usr --with-gcc-major-version-only --program-suffix=-7 --program-prefix=x86_64-linux-gnu- --enable-shared --enable-linker-build-id --libexecdir=/usr/lib --without-included-gettext --enable-threads=posix --libdir=/usr/lib --enable-nls --enable-bootstrap --enable-clocale=gnu --enable-libstdcxx-debug --enable-libstdcxx-time=yes --with-default-libstdcxx-abi=new --enable-gnu-unique-object --disable-vtable-verify --enable-libmpx --enable-plugin --enable-default-pie --with-system-zlib --with-target-system-zlib --enable-objc-gc=auto --enable-multiarch --disable-werror --with-arch-32=i686 --with-abi=m64 --with-multilib-list=m32,m64,mx32 --enable-multilib --with-tune=generic --enable-offload-targets=nvptx-none --without-cuda-driver --enable-checking=release --build=x86_64-linux-gnu --host=x86_64-linux-gnu --target=x86_64-linux-gnu
Thread model: posix
gcc version 7.5.0 (Ubuntu 7.5.0-3ubuntu1~18.04) 
configure:4484: $? = 0
configure:4473: g++ -V >&5
g++: error: unrecognized command line option '-V'
g++: fatal error: no input files
compilation terminated.
configure:4484: $? = 1
configure:4473: g++ -qversion >&5
g++: error: unrecognized command line option '-qversion'; did you mean '--version'?
g++: fatal error: no input files
compilation terminated.
configure:4484: $? = 1
configure:4488: checking whether we are using the GNU C++ compiler
configure:4507: g++ -c   conftest.cpp >&5
configure:4507: $? = 0
configure:4516: result: yes
configure:4525: checking whether g++ accepts -g
configure:4545: g++ -c -g  conftest.cpp >&5
configure:4545: $? = 0
configure:4586: result: yes
configure:4611: checking dependency style of g++
configure:4722: result: gcc3
configure:4746: checking dependency style of gcc
configure:4855: result: gcc3
configure:4917: checking how to print strings
configure:4944: result: printf
configure:4965: checking for a sed that does not truncate output
configure:5029: result: /bin/sed
configure:5047: checking for grep that handles long lines and -e
configure:5105: result: /bin/grep
configure:5110: checking for egrep
configure:5172: result: /bin/grep -E
configure:5177: checking for fgrep
configure:5239: result: /bin/grep -F
configure:5274: checking for ld used by gcc
configure:5341: result: /usr/bin/ld
configure:5348: checking if the linker (/usr/bin/ld) is GNU ld
configure:5363: result: yes
configure:5375: checking for BSD- or MS-compatible name lister (nm)
configure:5429: result: /usr/bin/nm -B
configure:5559: checking the name lister (/usr/bin/nm -B) interface
configure:5566: gcc -c -g -O2  conftest.c >&5
configure:5569: /usr/bin/nm -B "conftest.o"
configure:5572: output
0000000000000000 B some_variable
configure:5579: result: BSD nm
configure:5582: checking whether ln -s works
configure:5586: result: yes
configure:5594: checking the maximum length of command line arguments
configure:5725: result: 1572864
configure:5773: checking how to convert x86_64-pc-linux-gnu file names to x86_64-pc-linux-gnu format
configure:5813: result: func_convert_file_noop
configure:5820: checking how to convert x86_64-pc-linux-gnu file names to toolchain format
configure:5840: result: func_convert_file_noop
configure:5847: checking for /usr/bin/ld option to reload object files
configure:5854: result: -r
configure:5928: checking for objdump
configure:5944: found /usr/bin/objdump
configure:5955: result: objdump
configure:5987: checking how to recognize dependent libraries
configure:6187: result: pass_all
configure:6272: checking for dlltool
configure:6302: result: no
configure:6332: checking how to associate runtime and link libraries
configure:6359: result: printf %s\n
configure:6420: checking for ar
configure:6436: found /usr/bin/ar
configure:6447: result: ar
configure:6484: checking for archiver @FILE support
configure:6501: gcc -c -g -O2  conftest.c >&5
configure:6501: $? = 0
configure:6504: ar cru libconftest.a @conftest.lst >&5
ar: `u' modifier ignored since `D' is the default (see `U')
configure:6507: $? = 0
configure:6512: ar cru libconftest.a @conftest.lst >&5
ar: `u' modifier ignored since `D' is the default (see `U')
ar: conftest.o: No such file or directory
configure:6515: $? = 1
configure:6527: result: @
configure:6585: checking for strip
configure:6601: found /usr/bin/strip
configure:6612: result: strip
configure:6684: checking for ranlib
configure:6700: found /usr/bin/ranlib
configure:6711: result: ranlib
configure:6813: checking command to parse /usr/bin/nm -B output from gcc object
configure:6966: gcc -c -g -O2  conftest.c >&5
configure:6969: $? = 0
configure:6973: /usr/bin/nm -B conftest.o \| sed -n -e 's/^.*[ ]\([ABCDGIRSTW][ABCDGIRSTW]*\)[ ][ ]*\([_A-Za-z][_A-Za-z0-9]*\)$/\1 \2 \2/p' | sed '/ __gnu_lto/d' \> conftest.nm
configure:6976: $? = 0
configure:7042: gcc -o conftest -g -O2   conftest.c conftstm.o >&5
configure:7045: $? = 0
configure:7083: result: ok
configure:7130: checking for sysroot
configure:7160: result: no
configure:7167: checking for a working dd
configure:7205: result: /bin/dd
configure:7209: checking how to truncate binary pipes
configure:7224: result: /bin/dd bs=4096 count=1
configure:7360: gcc -c -g -O2  conftest.c >&5
configure:7363: $? = 0
configure:7553: checking for mt
configure:7569: found /bin/mt
configure:7580: result: mt
configure:7603: checking if mt is a manifest tool
configure:7609: mt '-?'
configure:7617: result: no
configure:8294: checking how to run the C preprocessor
configure:8325: gcc -E  conftest.c
configure:8325: $? = 0
configure:8339: gcc -E  conftest.c
conftest.c:14:10: fatal error: ac_nonexistent.h: No such file or directory
 #include <ac_nonexistent.h>
          ^~~~~~~~~~~~~~~~~~
compilation terminated.
configure:8339: $? = 1
configure: failed program was:
| /* confdefs.h */
| #define PACKAGE_NAME "gc"
| #define PACKAGE_TARNAME "gc"
| #define PACKAGE_VERSION "8.3.0"
| #define PACKAGE_STRING "gc 8.3.0"
| #define PACKAGE_BUGREPORT "https://github.com/ivmai/bdwgc/issues"
| #define PACKAGE_URL ""
| #define GC_VERSION_MAJOR 8
| #define GC_VERSION_MINOR 3
| #define GC_VERSION_MICRO 0
| #define PACKAGE "gc"
| #define VERSION "8.3.0"
| /* end confdefs.h.  */
| #include <ac_nonexistent.h>
configure:8364: result: gcc -E
configure:8384: gcc -E  conftest.c
configure:8384: $? = 0
configure:8398: gcc -E  conftest.c
conftest.c:14:10: fatal error: ac_nonexistent.h: No such file or directory
 #include <ac_nonexistent.h>
          ^~~~~~~~~~~~~~~~~~
compilation terminated.
configure:8398: $? = 1
configure: failed program was:
| /* confdefs.h */
| #define PACKAGE_NAME "gc"
| #define PACKAGE_TARNAME "gc"
| #define PACKAGE_VERSION "8.3.0"
| #define PACKAGE_STRING "gc 8.3.0"
| #define PACKAGE_BUGREPORT "https://github.com/ivmai/bdwgc/issues"
| #define PACKAGE_URL ""
| #define GC_VERSION_MAJOR 8
| #define GC_VERSION_MINOR 3
| #define GC_VERSION_MICRO 0
| #define PACKAGE "gc"
| #define VERSION "8.3.0"
| /* end confdefs.h.  */
| #include <ac_nonexistent.h>
configure:8427: checking for ANSI C header files
configure:8447: gcc -c -g -O2  conftest.c >&5
configure:8447: $? = 0
configure:8520: gcc -o conftest -g -O2   conftest.c  >&5
configure:8520: $? = 0
configure:8520: ./conftest
configure:8520: $? = 0
configure:8531: result: yes
configure:8544: checking for sys/types.h
configure:8544: gcc -c -g -O2  conftest.c >&5
configure:8544: $? = 0
configure:8544: result: yes
configure:8544: checking for sys/stat.h
configure:8544: gcc -c -g -O2  conftest.c >&5
configure:8544: $? = 0
configure:8544: result: yes
configure:8544: checking for stdlib.h
configure:8544: gcc -c -g -O2  conftest.c >&5
configure:8544: $? = 0
configure:8544: result: yes
configure:8544: checking for string.h
configure:8544: gcc -c -g -O2  conftest.c >&5
configure:8544: $? = 0
configure:8544: result: yes
configure:8544: checking for memory.h
configure:8544: gcc -c -g -O2  conftest.c >&5
configure:8544: $? = 0
configure:8544: result: yes
configure:8544: checking for strings.h
configure:8544: gcc -c -g -O2  conftest.c >&5
configure:8544: $? = 0
configure:8544: result: yes
configure:8544: checking for inttypes.h
configure:8544: gcc -c -g -O2  conftest.c >&5
configure:8544: $? = 0
configure:8544: result: yes
configure:8544: checking for stdint.h
configure:8544: gcc -c -g -O2  conftest.c >&5
configure:8544: $? = 0
configure:8544: result: yes
configure:8544: checking for unistd.h
configure:8544: gcc -c -g -O2  conftest.c >&5
configure:8544: $? = 0
configure:8544: result: yes
configure:8558: checking for dlfcn.h
configure:8558: gcc -c -g -O2  conftest.c >&5
configure:8558: $? = 0
configure:8558: result: yes
configure:8824: checking for objdir
configure:8839: result: .libs
configure:9103: checking if gcc supports -fno-rtti -fno-exceptions
configure:9121: gcc -c -g -O2  -fno-rtti -fno-exceptions conftest.c >&5
cc1: warning: command line option '-fno-rtti' is valid for C++/ObjC++ but not for C
configure:9125: $? = 0
configure:9138: result: no
configure:9496: checking for gcc option to produce PIC
configure:9503: result: -fPIC -DPIC
configure:9511: checking if gcc PIC flag -fPIC -DPIC works
configure:9529: gcc -c -g -O2  -fPIC -DPIC -DPIC conftest.c >&5
configure:9533: $? = 0
configure:9546: result: yes
configure:9575: checking if gcc static flag -static works
configure:9603: result: yes
configure:9618: checking if gcc supports -c -o file.o
configure:9639: gcc -c -g -O2  -o out/conftest2.o conftest.c >&5
configure:9643: $? = 0
configure:9665: result: yes
configure:9673: checking if gcc supports -c -o file.o
configure:9720: result: yes
configure:9753: checking whether the gcc linker (/usr/bin/ld -m elf_x86_64) supports shared libraries
configure:11016: result: yes
configure:11256: checking dynamic linker characteristics
configure:11837: gcc -o conftest -g -O2   -Wl,-rpath -Wl,/foo conftest.c  >&5
configure:11837: $? = 0
configure:12086: result: GNU/Linux ld.so
configure:12208: checking how to hardcode library paths into programs
configure:12233: result: immediate
configure:12781: checking whether stripping libraries is possible
configure:12786: result: yes
configure:12821: checking if libtool supports shared libraries
configure:12823: result: yes
configure:12826: checking whether to build shared libraries
configure:12851: result: no
configure:12854: checking whether to build static libraries
configure:12858: result: yes
configure:12881: checking how to run the C++ preprocessor
configure:12908: g++ -E  conftest.cpp
configure:12908: $? = 0
configure:12922: g++ -E  conftest.cpp
conftest.cpp:26:10: fatal error: ac_nonexistent.h: No such file or directory
 #include <ac_nonexistent.h>
          ^~~~~~~~~~~~~~~~~~
compilation terminated.
configure:12922: $? = 1
configure: failed program was:
| /* confdefs.h */
| #define PACKAGE_NAME "gc"
| #define PACKAGE_TARNAME "gc"
| #define PACKAGE_VERSION "8.3.0"
| #define PACKAGE_STRING "gc 8.3.0"
| #define PACKAGE_BUGREPORT "https://github.com/ivmai/bdwgc/issues"
| #define PACKAGE_URL ""
| #define GC_VERSION_MAJOR 8
| #define GC_VERSION_MINOR 3
| #define GC_VERSION_MICRO 0
| #define PACKAGE "gc"
| #define VERSION "8.3.0"
| #define STDC_HEADERS 1
| #define HAVE_SYS_TYPES_H 1
| #define HAVE_SYS_STAT_H 1
| #define HAVE_STDLIB_H 1
| #define HAVE_STRING_H 1
| #define HAVE_MEMORY_H 1
| #define HAVE_STRINGS_H 1
| #define HAVE_INTTYPES_H 1
| #define HAVE_STDINT_H 1
| #define HAVE_UNISTD_H 1
| #define HAVE_DLFCN_H 1
| #define LT_OBJDIR ".libs/"
| /* end confdefs.h.  */
| #include <ac_nonexistent.h>
configure:12947: result: g++ -E
configure:12967: g++ -E  conftest.cpp
configure:12967: $? = 0
configure:12981: g++ -E  conftest.cpp
conftest.cpp:26:10: fatal error: ac_nonexistent.h: No such file or directory
 #include <ac_nonexistent.h>
          ^~~~~~~~~~~~~~~~~~
compilation terminated.
configure:12981: $? = 1
configure: failed program was:
| /* confdefs.h */
| #define PACKAGE_NAME "gc"
| #define PACKAGE_TARNAME "gc"
| #define PACKAGE_VERSION "8.3.0"
| #define PACKAGE_STRING "gc 8.3.0"
| #define PACKAGE_BUGREPORT "https://github.com/ivmai/bdwgc/issues"
| #define PACKAGE_URL ""
| #define GC_VERSION_MAJOR 8
| #define GC_VERSION_MINOR 3
| #define GC_VERSION_MICRO 0
| #define PACKAGE "gc"
| #define VERSION "8.3.0"
| #define STDC_HEADERS 1
| #define HAVE_SYS_TYPES_H 1
| #define HAVE_SYS_STAT_H 1
| #define HAVE_STDLIB_H 1
| #define HAVE_STRING_H 1
| #define HAVE_MEMORY_H 1
| #define HAVE_STRINGS_H 1
| #define HAVE_INTTYPES_H 1
| #define HAVE_STDINT_H 1
| #define HAVE_UNISTD_H 1
| #define HAVE_DLFCN_H 1
| #define LT_OBJDIR ".libs/"
| /* end confdefs.h.  */
| #include <ac_nonexistent.h>
configure:13143: checking for ld used by g++
configure:13210: result: /usr/bin/ld -m elf_x86_64
configure:13217: checking if the linker (/usr/bin/ld -m elf_x86_64) is GNU ld
configure:13232: result: yes
configure:13287: checking whether the g++ linker (/usr/bin/ld -m elf_x86_64) supports shared libraries
configure:14360: result: yes
configure:14396: g++ -c -g -O2  conftest.cpp >&5
configure:14399: $? = 0
configure:14880: checking for g++ option to produce PIC
configure:14887: result: -fPIC -DPIC
configure:14895: checking if g++ PIC flag -fPIC -DPIC works
configure:14913: g++ -c -g -O2  -fPIC -DPIC -DPIC conftest.cpp >&5
configure:14917: $? = 0
configure:14930: result: yes
configure:14953: checking if g++ static flag -static works
configure:14981: result: yes
configure:14993: checking if g++ supports -c -o file.o
configure:15014: g++ -c -g -O2  -o out/conftest2.o conftest.cpp >&5
configure:15018: $? = 0
configure:15040: result: yes
configure:15045: checking if g++ supports -c -o file.o
configure:15092: result: yes
configure:15122: checking whether the g++ linker (/usr/bin/ld -m elf_x86_64) supports shared libraries
configure:15165: result: yes
configure:15306: checking dynamic linker characteristics
configure:16063: result: GNU/Linux ld.so
configure:16128: checking how to hardcode library paths into programs
configure:16153: result: immediate
configure:16262: checking for emscripten
configure:16272: gcc -c -g -O2  conftest.c >&5
configure:16272: $? = 0
configure:16291: result: no
configure:16381: checking for inline
configure:16397: gcc -c -g -O2   conftest.c >&5
configure:16397: $? = 0
configure:16405: result: inline
configure:16691: checking whether compiler supports -Wextra
configure:16699: gcc -c -Wextra -g -O2  conftest.c >&5
configure:16699: $? = 0
configure:16706: result: yes
configure:16713: checking whether compiler supports -Wpedantic
configure:16720: gcc -c -Wpedantic -Wno-long-long -g -O2  conftest.c >&5
configure:16720: $? = 0
configure:16727: result: yes
configure:16737: checking for xlc
configure:16747: gcc -c -Wall -Wextra -Wpedantic -Wno-long-long -g -O2  conftest.c >&5
conftest.c:28:7: error: #error 
 #     error
       ^~~~~
conftest.c:30:0: warning: ISO C forbids an empty translation unit [-Wpedantic]
 
 
configure:16747: $? = 1
configure: failed program was:
| /* confdefs.h */
| #define PACKAGE_NAME "gc"
| #define PACKAGE_TARNAME "gc"
| #define PACKAGE_VERSION "8.3.0"
| #define PACKAGE_STRING "gc 8.3.0"
| #define PACKAGE_BUGREPORT "https://github.com/ivmai/bdwgc/issues"
| #define PACKAGE_URL ""
| #define GC_VERSION_MAJOR 8
| #define GC_VERSION_MINOR 3
| #define GC_VERSION_MICRO 0
| #define PACKAGE "gc"
| #define VERSION "8.3.0"
| #define STDC_HEADERS 1
| #define HAVE_SYS_TYPES_H 1
| #define HAVE_SYS_STAT_H 1
| #define HAVE_STDLIB_H 1
| #define HAVE_STRING_H 1
| #define HAVE_MEMORY_H 1
| #define HAVE_STRINGS_H 1
| #define HAVE_INTTYPES_H 1
| #define HAVE_STDINT_H 1
| #define HAVE_UNISTD_H 1
| #define HAVE_DLFCN_H 1
| #define LT_OBJDIR ".libs/"
| /* end confdefs.h.  */
| 
| #   ifndef __xlC__
| #     error
| #   endif
| 
configure:16753: result: no
configure:16775: checking whether compiler supports -fno-strict-aliasing
configure:16794: gcc -c -Wall -Wextra -Wpedantic -Wno-long-long -g -O2 -fno-strict-aliasing  conftest.c >&5
conftest.c:26:0: warning: ISO C forbids an empty translation unit [-Wpedantic]
 
 
configure:16794: $? = 0
configure:16803: result: yes
configure:16808: checking for getcontext
configure:16808: gcc -o conftest -Wall -Wextra -Wpedantic -Wno-long-long -g -O2 -fno-strict-aliasing   conftest.c  >&5
configure:16808: $? = 0
configure:16808: result: yes
configure:16821: checking for dl_iterate_phdr
configure:16821: gcc -o conftest -Wall -Wextra -Wpedantic -Wno-long-long -g -O2 -fno-strict-aliasing   conftest.c  >&5
configure:16821: $? = 0
configure:16821: result: yes
configure:16840: checking for dlopen in -ldl
configure:16865: gcc -o conftest -Wall -Wextra -Wpedantic -Wno-long-long -g -O2 -fno-strict-aliasing   conftest.c -ldl   >&5
configure:16865: $? = 0
configure:16874: result: yes
configure:16900: checking execinfo.h usability
configure:16900: gcc -c -Wall -Wextra -Wpedantic -Wno-long-long -g -O2 -fno-strict-aliasing  conftest.c >&5
configure:16900: $? = 0
configure:16900: result: yes
configure:16900: checking execinfo.h presence
configure:16900: gcc -E  conftest.c
configure:16900: $? = 0
configure:16900: result: yes
configure:16900: checking for execinfo.h
configure:16900: result: yes
configure:17000: checking whether to build shared libraries
configure:17039: result: no
configure:17096: checking which machine-dependent code should be used
configure:17131: result: 
configure:17155: checking whether AIX gcc optimization fix is necessary
configure:17178: result: no
configure:17344: checking whether -Wno-frame-address works
configure:17360: gcc -c -Wall -Wextra -Wpedantic -Wno-long-long -g -O2 -fno-strict-aliasing -Werror -Wno-frame-address   conftest.c >&5
configure:17360: $? = 0
configure:17365: result: yes
configure:17372: checking for dladdr
configure:17394: gcc -c -Wall -Wextra -Wpedantic -Wno-long-long -g -O2 -fno-strict-aliasing -Wno-frame-address   conftest.c >&5
configure:17394: $? = 0
configure:17399: result: yes
configure:17408: checking for sigsetjmp
configure:17423: gcc -o conftest -Wall -Wextra -Wpedantic -Wno-long-long -g -O2 -fno-strict-aliasing -Wno-frame-address    conftest.c  >&5
configure:17423: $? = 0
configure:17424: result: yes
configure:17517: checking sys/dg_sys_info.h usability
configure:17517: gcc -c -Wall -Wextra -Wpedantic -Wno-long-long -g -O2 -fno-strict-aliasing -Wno-frame-address  conftest.c >&5
conftest.c:65:10: fatal error: sys/dg_sys_info.h: No such file or directory
 #include <sys/dg_sys_info.h>
          ^~~~~~~~~~~~~~~~~~~
compilation terminated.
configure:17517: $? = 1
configure: failed program was:
| /* confdefs.h */
| #define PACKAGE_NAME "gc"
| #define PACKAGE_TARNAME "gc"
| #define PACKAGE_VERSION "8.3.0"
| #define PACKAGE_STRING "gc 8.3.0"
| #define PACKAGE_BUGREPORT "https://github.com/ivmai/bdwgc/issues"
| #define PACKAGE_URL ""
| #define GC_VERSION_MAJOR 8
| #define GC_VERSION_MINOR 3
| #define GC_VERSION_MICRO 0
| #define PACKAGE "gc"
| #define VERSION "8.3.0"
| #define STDC_HEADERS 1
| #define HAVE_SYS_TYPES_H 1
| #define HAVE_SYS_STAT_H 1
| #define HAVE_STDLIB_H 1
| #define HAVE_STRING_H 1
| #define HAVE_MEMORY_H 1
| #define HAVE_STRINGS_H 1
| #define HAVE_INTTYPES_H 1
| #define HAVE_STDINT_H 1
| #define HAVE_UNISTD_H 1
| #define HAVE_DLFCN_H 1
| #define LT_OBJDIR ".libs/"
| #define HAVE_DL_ITERATE_PHDR 1
| #define NO_EXECUTE_PERMISSION 1
| #define ALL_INTERIOR_POINTERS 1
| #define GC_GCJ_SUPPORT 1
| #define GC_ENABLE_SUSPEND_THREAD 1
| #define HAVE_DLADDR 1
| /* end confdefs.h.  */
| #include <stdio.h>
| #ifdef HAVE_SYS_TYPES_H
| # include <sys/types.h>
| #endif
| #ifdef HAVE_SYS_STAT_H
| # include <sys/stat.h>
| #endif
| #ifdef STDC_HEADERS
| # include <stdlib.h>
| # include <stddef.h>
| #else
| # ifdef HAVE_STDLIB_H
| #  include <stdlib.h>
| # endif
| #endif
| #ifdef HAVE_STRING_H
| # if !defined STDC_HEADERS && defined HAVE_MEMORY_H
| #  include <memory.h>
| # endif
| # include <string.h>
| #endif
| #ifdef HAVE_STRINGS_H
| # include <strings.h>
| #endif
| #ifdef HAVE_INTTYPES_H
| # include <inttypes.h>
| #endif
| #ifdef HAVE_STDINT_H
| # include <stdint.h>
| #endif
| #ifdef HAVE_UNISTD_H
| # include <unistd.h>
| #endif
| #include <sys/dg_sys_info.h>
configure:17517: result: no
configure:17517: checking sys/dg_sys_info.h presence
configure:17517: gcc -E  conftest.c
conftest.c:32:10: fatal error: sys/dg_sys_info.h: No such file or directory
 #include <sys/dg_sys_info.h>
          ^~~~~~~~~~~~~~~~~~~
compilation terminated.
configure:17517: $? = 1
configure: failed program was:
| /* confdefs.h */
| #define PACKAGE_NAME "gc"
| #define PACKAGE_TARNAME "gc"
| #define PACKAGE_VERSION "8.3.0"
| #define PACKAGE_STRING "gc 8.3.0"
| #define PACKAGE_BUGREPORT "https://github.com/ivmai/bdwgc/issues"
| #define PACKAGE_URL ""
| #define GC_VERSION_MAJOR 8
| #define GC_VERSION_MINOR 3
| #define GC_VERSION_MICRO 0
| #define PACKAGE "gc"
| #define VERSION "8.3.0"
| #define STDC_HEADERS 1
| #define HAVE_SYS_TYPES_H 1
| #define HAVE_SYS_STAT_H 1
| #define HAVE_STDLIB_H 1
| #define HAVE_STRING_H 1
| #define HAVE_MEMORY_H 1
| #define HAVE_STRINGS_H 1
| #define HAVE_INTTYPES_H 1
| #define HAVE_STDINT_H 1
| #define HAVE_UNISTD_H 1
| #define HAVE_DLFCN_H 1
| #define LT_OBJDIR ".libs/"
| #define HAVE_DL_ITERATE_PHDR 1
| #define NO_EXECUTE_PERMISSION 1
| #define ALL_INTERIOR_POINTERS 1
| #define GC_GCJ_SUPPORT 1
| #define GC_ENABLE_SUSPEND_THREAD 1
| #define HAVE_DLADDR 1
| /* end confdefs.h.  */
| #include <sys/dg_sys_info.h>
configure:17517: result: no
configure:17517: checking for sys/dg_sys_info.h
configure:17517: result: no
configure:17888: checking which libatomic_ops to use
configure:17899: result: none
configure:18190: checking that generated files are newer than configure
configure:18196: result: done
configure:18319: creating ./config.status

## ---------------------- ##
## Running config.status. ##
## ---------------------- ##

This file was extended by gc config.status 8.3.0, which was
generated by GNU Autoconf 2.69.  Invocation command line was

  CONFIG_FILES    = 
  CONFIG_HEADERS  = 
  CONFIG_LINKS    = 
  CONFIG_COMMANDS = 
  $ ./config.status 

on bochs

config.status:1241: creating Makefile
config.status:1241: creating bdw-gc.pc
config.status:1241: creating include/config.h
config.status:1470: executing depfiles commands
config.status:1470: executing libtool commands
config.status:1470: executing default commands

## ---------------- ##
## Cache variables. ##
## ---------------- ##

ac_cv_build=x86_64-pc-linux-gnu
ac_cv_c_compiler_gnu=yes
ac_cv_c_inline=inline
ac_cv_cc_pedantic=yes
ac_cv_cc_wextra=yes
ac_cv_cxx_compiler_gnu=yes
ac_cv_env_CCASFLAGS_set=
ac_cv_env_CCASFLAGS_value=
ac_cv_env_CCAS_set=
ac_cv_env_CCAS_value=
ac_cv_env_CCC_set=
ac_cv_env_CCC_value=
ac_cv_env_CC_set=
ac_cv_env_CC_value=
ac_cv_env_CFLAGS_set=
ac_cv_env_CFLAGS_value=
ac_cv_env_CPPFLAGS_set=
ac_cv_env_CPPFLAGS_value=
ac_cv_env_CPP_set=
ac_cv_env_CPP_value=
ac_cv_env_CXXCPP_set=
ac_cv_env_CXXCPP_value=
ac_cv_env_CXXFLAGS_set=
ac_cv_env_CXXFLAGS_value=
ac_cv_env_CXX_set=
ac_cv_env_CXX_value=
ac_cv_env_LDFLAGS_set=
ac_cv_env_LDFLAGS_value=
ac_cv_env_LIBS_set=
ac_cv_env_LIBS_value=
ac_cv_env_LT_SYS_LIBRARY_PATH_set=
ac_cv_env_LT_SYS_LIBRARY_PATH_value=
ac_cv_env_build_alias_set=
ac_cv_env_build_alias_value=
ac_cv_env_host_alias_set=
ac_cv_env_host_alias_value=
ac_cv_env_target_alias_set=
ac_cv_env_target_alias_value=
ac_cv_fno_strict_aliasing=yes
ac_cv_func_dl_iterate_phdr=yes
ac_cv_func_getcontext=yes
ac_cv_header_dlfcn_h=yes
ac_cv_header_execinfo_h=yes
ac_cv_header_inttypes_h=yes
ac_cv_header_memory_h=yes
ac_cv_header_stdc=yes
ac_cv_header_stdint_h=yes
ac_cv_header_stdlib_h=yes
ac_cv_header_string_h=yes
ac_cv_header_strings_h=yes
ac_cv_header_sys_dg_sys_info_h=no
ac_cv_header_sys_stat_h=yes
ac_cv_header_sys_types_h=yes
ac_cv_header_unistd_h=yes
ac_cv_host=x86_64-pc-linux-gnu
ac_cv_lib_dl_dlopen=yes
ac_cv_objext=o
ac_cv_path_EGREP='/bin/grep -E'
ac_cv_path_FGREP='/bin/grep -F'
ac_cv_path_GREP=/bin/grep
ac_cv_path_SED=/bin/sed
ac_cv_path_install='/usr/bin/install -c'
ac_cv_path_lt_DD=/bin/dd
ac_cv_path_mkdir=/bin/mkdir
ac_cv_prog_AWK=gawk
ac_cv_prog_CPP='gcc -E'
ac_cv_prog_CXXCPP='g++ -E'
ac_cv_prog_ac_ct_AR=ar
ac_cv_prog_ac_ct_CC=gcc
ac_cv_prog_ac_ct_CXX=g++
ac_cv_prog_ac_ct_MANIFEST_TOOL=mt
ac_cv_prog_ac_ct_OBJDUMP=objdump
ac_cv_prog_ac_ct_RANLIB=ranlib
ac_cv_prog_ac_ct_STRIP=strip
ac_cv_prog_cc_c89=
ac_cv_prog_cc_g=yes
ac_cv_prog_cxx_g=yes
ac_cv_prog_make_make_set=yes
ac_cv_target=x86_64-pc-linux-gnu
am_cv_CCAS_dependencies_compiler_type=gcc3
am_cv_CC_dependencies_compiler_type=gcc3
am_cv_CXX_dependencies_compiler_type=gcc3
am_cv_make_support_nested_variables=yes
am_cv_prog_cc_c_o=yes
lt_cv_ar_at_file=@
lt_cv_deplibs_check_method=pass_all
lt_cv_file_magic_cmd='$MAGIC_CMD'
lt_cv_file_magic_test_file=
lt_cv_ld_reload_flag=-r
lt_cv_nm_interface='BSD nm'
lt_cv_objdir=.libs
lt_cv_path_LD=/usr/bin/ld
lt_cv_path_LDCXX='/usr/bin/ld -m elf_x86_64'
lt_cv_path_NM='/usr/bin/nm -B'
lt_cv_path_mainfest_tool=no
lt_cv_prog_compiler_c_o=yes
lt_cv_prog_compiler_c_o_CXX=yes
lt_cv_prog_compiler_pic='-fPIC -DPIC'
lt_cv_prog_compiler_pic_CXX='-fPIC -DPIC'
lt_cv_prog_compiler_pic_works=yes
lt_cv_prog_compiler_pic_works_CXX=yes
lt_cv_prog_compiler_rtti_exceptions=no
lt_cv_prog_compiler_static_works=yes
lt_cv_prog_compiler_static_works_CXX=yes
lt_cv_prog_gnu_ld=yes
lt_cv_prog_gnu_ldcxx=yes
lt_cv_sharedlib_from_linklib_cmd='printf %s\n'
lt_cv_shlibpath_overrides_runpath=yes
lt_cv_sys_global_symbol_pipe='sed -n -e '\''s/^.*[	 ]\([ABCDGIRSTW][ABCDGIRSTW]*\)[	 ][	 ]*\([_A-Za-z][_A-Za-z0-9]*\)$/\1 \2 \2/p'\'' | sed '\''/ __gnu_lto/d'\'''
lt_cv_sys_global_symbol_to_c_name_address='sed -n -e '\''s/^: \(.*\) .*$/  {"\1", (void *) 0},/p'\'' -e '\''s/^[ABCDGIRSTW][ABCDGIRSTW]* .* \(.*\)$/  {"\1", (void *) \&\1},/p'\'''
lt_cv_sys_global_symbol_to_c_name_address_lib_prefix='sed -n -e '\''s/^: \(.*\) .*$/  {"\1", (void *) 0},/p'\'' -e '\''s/^[ABCDGIRSTW][ABCDGIRSTW]* .* \(lib.*\)$/  {"\1", (void *) \&\1},/p'\'' -e '\''s/^[ABCDGIRSTW][ABCDGIRSTW]* .* \(.*\)$/  {"lib\1", (void *) \&\1},/p'\'''
lt_cv_sys_global_symbol_to_cdecl='sed -n -e '\''s/^T .* \(.*\)$/extern int \1();/p'\'' -e '\''s/^[ABCDGIRSTW][ABCDGIRSTW]* .* \(.*\)$/extern char \1;/p'\'''
lt_cv_sys_global_symbol_to_import=
lt_cv_sys_max_cmd_len=1572864
lt_cv_to_host_file_cmd=func_convert_file_noop
lt_cv_to_tool_file_cmd=func_convert_file_noop
lt_cv_truncate_bin='/bin/dd bs=4096 count=1'

## ----------------- ##
## Output variables. ##
## ----------------- ##

ACLOCAL='${SHELL} /home/stella/boehm/missing aclocal-1.15'
AMDEPBACKSLASH='\'
AMDEP_FALSE='#'
AMDEP_TRUE=''
AMTAR='$${TAR-tar}'
AM_BACKSLASH='\'
AM_CFLAGS=''
AM_CPPFLAGS=''
AM_DEFAULT_V='$(AM_DEFAULT_VERBOSITY)'
AM_DEFAULT_VERBOSITY='1'
AM_V='$(V)'
AR='ar'
ASM_WITH_CPP_UNSUPPORTED_FALSE=''
ASM_WITH_CPP_UNSUPPORTED_TRUE='#'
ATOMIC_OPS_CFLAGS=''
ATOMIC_OPS_LIBS=''
AUTOCONF='${SHELL} /home/stella/boehm/missing autoconf'
AUTOHEADER='${SHELL} /home/stella/boehm/missing autoheader'
AUTOMAKE='${SHELL} /home/stella/boehm/missing automake-1.15'
AVOID_CPP_LIB_FALSE=''
AVOID_CPP_LIB_TRUE='#'
AWK='gawk'
CC='gcc'
CCAS='gcc'
CCASDEPMODE='depmode=gcc3'
CCASFLAGS='-g -O2'
CCDEPMODE='depmode=gcc3'
CFLAGS='-Wall -Wextra -Wpedantic -Wno-long-long -g -O2 -fno-strict-aliasing -Wno-frame-address'
CFLAGS_EXTRA=''
CHECKSUMS_FALSE='#'
CHECKSUMS_TRUE=''
CPLUSPLUS_FALSE=''
CPLUSPLUS_TRUE='#'
CPP='gcc -E'
CPPFLAGS=''
CXX='g++'
CXXCPP='g++ -E'
CXXDEPMODE='depmode=gcc3'
CXXFLAGS='-Wall -Wextra -Wpedantic -Wno-long-long -g -O2'
CXXLIBS=''
CYGPATH_W='echo'
DARWIN_THREADS_FALSE=''
DARWIN_THREADS_TRUE='#'
DEFS='-DHAVE_CONFIG_H'
DEPDIR='.deps'
DLLTOOL='false'
DSYMUTIL=''
DUMPBIN=''
ECHO_C=''
ECHO_N='-n'
ECHO_T=''
EGREP='/bin/grep -E'
EMSCRIPTEN_FALSE=''
EMSCRIPTEN_TRUE='#'
ENABLE_DISCLAIM_FALSE='#'
ENABLE_DISCLAIM_TRUE=''
ENABLE_DOCS_FALSE='#'
ENABLE_DOCS_TRUE=''
ENABLE_GCJ_SUPPORT_FALSE='#'
ENABLE_GCJ_SUPPORT_TRUE=''
ENABLE_SHARED_FALSE=''
ENABLE_SHARED_TRUE='#'
EXEEXT=''
EXTRA_TEST_LIBS=''
FGREP='/bin/grep -F'
GC_CFLAGS=' -fexceptions'
GC_TBA_LIBRARY_FALSE=''
GC_TBA_LIBRARY_TRUE='#'
GC_VERSION=''
GREP='/bin/grep'
INSTALL_DATA='${INSTALL} -m 644'
INSTALL_PROGRAM='${INSTALL}'
INSTALL_SCRIPT='${INSTALL}'
INSTALL_STRIP_PROGRAM='$(install_sh) -c -s'
KEEP_BACK_PTRS_FALSE=''
KEEP_BACK_PTRS_TRUE='#'
LD='/usr/bin/ld -m elf_x86_64'
LDFLAGS=''
LIBOBJS=''
LIBS=''
LIBTOOL='$(SHELL) $(top_builddir)/libtool'
LIPO=''
LN_S='ln -s'
LTLIBOBJS=''
LT_SYS_LIBRARY_PATH=''
MAINT='#'
MAINTAINER_MODE_FALSE=''
MAINTAINER_MODE_TRUE='#'
MAKEINFO='${SHELL} /home/stella/boehm/missing makeinfo'
MAKE_BACK_GRAPH_FALSE=''
MAKE_BACK_GRAPH_TRUE='#'
MANIFEST_TOOL=':'
MKDIR_P='/bin/mkdir -p'
NEED_ATOMIC_OPS_ASM_FALSE=''
NEED_ATOMIC_OPS_ASM_TRUE='#'
NM='/usr/bin/nm -B'
NMEDIT=''
OBJDUMP='objdump'
OBJEXT='o'
OTOOL64=''
OTOOL=''
PACKAGE='gc'
PACKAGE_BUGREPORT='https://github.com/ivmai/bdwgc/issues'
PACKAGE_NAME='gc'
PACKAGE_STRING='gc 8.3.0'
PACKAGE_TARNAME='gc'
PACKAGE_URL=''
PACKAGE_VERSION='8.3.0'
PATH_SEPARATOR=':'
PTHREADS_FALSE=''
PTHREADS_TRUE='#'
PTHREAD_START_STANDALONE_FALSE=''
PTHREAD_START_STANDALONE_TRUE='#'
RANLIB='ranlib'
SED='/bin/sed'
SET_MAKE=''
SHELL='/bin/bash'
SINGLE_GC_OBJ_FALSE=''
SINGLE_GC_OBJ_TRUE='#'
STRIP='strip'
THREADDLLIBS=' -ldl'
THREADS_FALSE=''
THREADS_TRUE='#'
THREAD_LOCAL_ALLOC_FALSE=''
THREAD_LOCAL_ALLOC_TRUE='#'
UNWINDLIBS=''
USE_INTERNAL_LIBATOMIC_OPS_FALSE=''
USE_INTERNAL_LIBATOMIC_OPS_TRUE='#'
USE_LIBDIR_FALSE='#'
USE_LIBDIR_TRUE=''
VERSION='8.3.0'
WERROR_CFLAGS=''
WIN32_THREADS_FALSE=''
WIN32_THREADS_TRUE='#'
ac_ct_AR='ar'
ac_ct_CC='gcc'
ac_ct_CXX='g++'
ac_ct_DUMPBIN=''
addlibs=''
addobjs=' '
am__EXEEXT_FALSE=''
am__EXEEXT_TRUE='#'
am__fastdepCCAS_FALSE='#'
am__fastdepCCAS_TRUE=''
am__fastdepCC_FALSE='#'
am__fastdepCC_TRUE=''
am__fastdepCXX_FALSE='#'
am__fastdepCXX_TRUE=''
am__include='include'
am__isrc=''
am__leading_dot='.'
am__nodep='_no'
am__quote=''
am__tar='$${TAR-tar} chof - "$$tardir"'
am__untar='$${TAR-tar} xf -'
bindir='${exec_prefix}/bin'
build='x86_64-pc-linux-gnu'
build_alias=''
build_cpu='x86_64'
build_os='linux-gnu'
build_vendor='pc'
datadir='${datarootdir}'
datarootdir='${prefix}/share'
docdir='${datarootdir}/doc/${PACKAGE_TARNAME}'
dvidir='${docdir}'
exec_prefix='${prefix}'
extra_ldflags_libgc=''
host='x86_64-pc-linux-gnu'
host_alias=''
host_cpu='x86_64'
host_os='linux-gnu'
host_vendor='pc'
htmldir='${docdir}'
includedir='${prefix}/include'
infodir='${datarootdir}/info'
install_sh='${SHELL} /home/stella/boehm/install-sh'
libdir='${exec_prefix}/lib'
libexecdir='${exec_prefix}/libexec'
localedir='${datarootdir}/locale'
localstatedir='${prefix}/var'
mandir='${datarootdir}/man'
mkdir_p='$(MKDIR_P)'
oldincludedir='/usr/include'
pdfdir='${docdir}'
prefix='/home/stella/boehm/Use_Case_Apps/phoenix-2.0'
program_transform_name='s,x,x,'
psdir='${docdir}'
runstatedir='${localstatedir}/run'
sbindir='${exec_prefix}/sbin'
sharedstatedir='${prefix}/com'
subdirs=''
sysconfdir='${prefix}/etc'
target='x86_64-pc-linux-gnu'
target_alias=''
target_all='libgc.la'
target_cpu='x86_64'
target_os='linux-gnu'
target_vendor='pc'

## ----------- ##
## confdefs.h. ##
## ----------- ##

/* confdefs.h */
#define PACKAGE_NAME "gc"
#define PACKAGE_TARNAME "gc"
#define PACKAGE_VERSION "8.3.0"
#define PACKAGE_STRING "gc 8.3.0"
#define PACKAGE_BUGREPORT "https://github.com/ivmai/bdwgc/issues"
#define PACKAGE_URL ""
#define GC_VERSION_MAJOR 8
#define GC_VERSION_MINOR 3
#define GC_VERSION_MICRO 0
#define PACKAGE "gc"
#define VERSION "8.3.0"
#define STDC_HEADERS 1
#define HAVE_SYS_TYPES_H 1
#define HAVE_SYS_STAT_H 1
#define HAVE_STDLIB_H 1
#define HAVE_STRING_H 1
#define HAVE_MEMORY_H 1
#define HAVE_STRINGS_H 1
#define HAVE_INTTYPES_H 1
#define HAVE_STDINT_H 1
#define HAVE_UNISTD_H 1
#define HAVE_DLFCN_H 1
#define LT_OBJDIR ".libs/"
#define HAVE_DL_ITERATE_PHDR 1
#define NO_EXECUTE_PERMISSION 1
#define ALL_INTERIOR_POINTERS 1
#define GC_GCJ_SUPPORT 1
#define GC_ENABLE_SUSPEND_THREAD 1
#define HAVE_DLADDR 1
#define JAVA_FINALIZATION 1
#define GC_ATOMIC_UNCOLLECTABLE 1
#define ENABLE_DISCLAIM 1
#define USE_MMAP 1
#define CHECKSUMS 1

configure: exit 0
