[PARSEC] Benchmarks to run:  parsec.dedup

[PARSEC] [========== Running benchmark parsec.dedup [1] ==========]
[PARSEC] Deleting old run directory.
rm: cannot remove '/home/stella/Slimguard/evals/parsec-3.0/pkgs/kernels/dedup/run/output.dat.ddp': Permission denied
rm: cannot remove '/home/stella/Slimguard/evals/parsec-3.0/pkgs/kernels/dedup/run/FC-6-x86_64-disc1.iso': Permission denied
rm: cannot remove '/home/stella/Slimguard/evals/parsec-3.0/pkgs/kernels/dedup/run/benchmark.out': Permission denied
[PARSEC] Setting up run directory.
[PARSEC] Unpacking benchmark input 'native'.
FC-6-x86_64-disc1.iso
tar: FC-6-x86_64-disc1.iso: Cannot open: File exists
tar: Exiting with failure status due to previous errors
[PARSEC] Running 'time /home/stella/Slimguard/evals/parsec-3.0/pkgs/kernels/dedup/inst/amd64-linux.gcc/bin/dedup -c -p -v -t 1 -i FC-6-x86_64-disc1.iso -o output.dat.ddp':
[PARSEC] [---------- Beginning of output ----------]
tee: /home/stella/Slimguard/evals/parsec-3.0/pkgs/kernels/dedup/run/benchmark.out: Permission denied
[create_output_file] Cannot open output file.PARSEC Benchmark Suite Version 3.0-beta-20150206

real	0m0.823s
user	0m0.001s
sys	0m0.303s
[PARSEC] [----------    End of output    ----------]
[PARSEC]
[PARSEC] BIBLIOGRAPHY
[PARSEC]
[PARSEC] [1] Bienia. Benchmarking Modern Multiprocessors. Ph.D. Thesis, 2011.
[PARSEC]
[PARSEC] Done.
